{ holds: false,
  counterExample:
   [ { txid:
        '8e0071803307300c888be3b3072595ae0d9e822c2a193c51a1c6e34ad50466bc',
       version: 1,
       locktime: 0,
       vin: [Array],
       vout: [Array],
       size: 189,
       weight: 756,
       fee: 573,
       status: [Object] },
     { txid:
        'd106933d57d44a3d3cd74f8fbf5d763af065890f9144bdc1f96cc95b746dcba9',
       version: 2,
       locktime: 604267,
       vin: [Array],
       vout: [Array],
       size: 374,
       weight: 845,
       fee: 848,
       status: [Object] } ] }
{ holds: false,
  counterExample:
   [ { txid:
        '06b679e521ffe84556824f93c420b5483841d22730508073177e30cb637b00fe',
       version: 1,
       locktime: 0,
       vin: [Array],
       vout: [Array],
       size: 224,
       weight: 896,
       fee: 2938,
       status: [Object] },
     { txid:
        'a2ff7ede4716190739a6e451e90eaf18cd256bc12fde3cdbfdc05b3702055c0b',
       version: 2,
       locktime: 604267,
       vin: [Array],
       vout: [Array],
       size: 804,
       weight: 2886,
       fee: 2166,
       status: [Object] } ] }
{ holds: false,
  counterExample:
   [ { txid:
        '04192348a62cbca7f4bd34aef654d14f59c7fb53885d8378b8a1d5efcb9d13f3',
       version: 1,
       locktime: 0,
       vin: [Array],
       vout: [Array],
       size: 371,
       weight: 1484,
       fee: 11160,
       status: [Object] },
     { txid:
        'a2ff7ede4716190739a6e451e90eaf18cd256bc12fde3cdbfdc05b3702055c0b',
       version: 2,
       locktime: 604267,
       vin: [Array],
       vout: [Array],
       size: 804,
       weight: 2886,
       fee: 2166,
       status: [Object] } ] }
{ holds: false,
  counterExample:
   [ { txid:
        'eb71e1193c0511424b28d772b295b41dcbb76ba8dc709e6a7f89e5fd8488dbf9',
       version: 1,
       locktime: 0,
       vin: [Array],
       vout: [Array],
       size: 223,
       weight: 892,
       fee: 681,
       status: [Object] },
     { txid:
        '31e4e528dbf1404451c84b48019b409e213d40567023cec2e0a957a117e366a5',
       version: 1,
       locktime: 604267,
       vin: [Array],
       vout: [Array],
       size: 249,
       weight: 669,
       fee: 2305,
       status: [Object] } ] }
{ holds: false,
  counterExample:
   [ { txid:
        'df3ee966104dc255edb711ab6db3a535614e0df25af136337078f9ff45ed5a68',
       version: 1,
       locktime: 0,
       vin: [Array],
       vout: [Array],
       size: 782,
       weight: 3128,
       fee: 2454,
       status: [Object] },
     { txid:
        'cbec20902c8bfe5a10020cbc0d3e688a8000a84c906ce0984543b4ea9c33540c',
       version: 2,
       locktime: 604267,
       vin: [Array],
       vout: [Array],
       size: 249,
       weight: 669,
       fee: 507,
       status: [Object] } ] }
